<?xml version="1.0" ?>
<!DOCTYPE coverage SYSTEM "http://cobertura.sourceforge.net/xml/coverage-04.dtd">
<coverage lines-valid="316" lines-covered="12" line-rate="0.0379" branches-valid="8" branches-covered="1" branch-rate="0.125" timestamp="1712803044870" complexity="0" version="0.1">
  <sources>
    <source>/Users/weslenbreno/porto/ds-components</source>
  </sources>
  <packages>
    <package name="src" line-rate="0.5454" branch-rate="0.5">
      <classes>
        <class name="App.tsx" filename="src/App.tsx" line-rate="1" branch-rate="1">
          <methods>
            <method name="App" hits="1" signature="()V">
              <lines>
                <line number="3" hits="1"/>
              </lines>
            </method>
          </methods>
          <lines>
            <line number="1" hits="1" branch="false"/>
            <line number="2" hits="1" branch="false"/>
            <line number="3" hits="1" branch="true" condition-coverage="100% (1/1)"/>
            <line number="4" hits="1" branch="false"/>
            <line number="5" hits="1" branch="false"/>
            <line number="6" hits="1" branch="false"/>
            <line number="7" hits="1" branch="false"/>
            <line number="8" hits="1" branch="false"/>
            <line number="9" hits="1" branch="false"/>
            <line number="10" hits="1" branch="false"/>
            <line number="11" hits="1" branch="false"/>
            <line number="12" hits="1" branch="false"/>
          </lines>
        </class>
        <class name="main.tsx" filename="src/main.tsx" line-rate="0" branch-rate="0">
          <methods>
            <method name="(empty-report)" hits="0" signature="()V">
              <lines>
                <line number="1" hits="0"/>
              </lines>
            </method>
          </methods>
          <lines>
            <line number="1" hits="0" branch="true" condition-coverage="0% (0/1)"/>
            <line number="2" hits="0" branch="false"/>
            <line number="3" hits="0" branch="false"/>
            <line number="4" hits="0" branch="false"/>
            <line number="5" hits="0" branch="false"/>
            <line number="6" hits="0" branch="false"/>
            <line number="7" hits="0" branch="false"/>
            <line number="8" hits="0" branch="false"/>
            <line number="9" hits="0" branch="false"/>
            <line number="10" hits="0" branch="false"/>
          </lines>
        </class>
      </classes>
    </package>
    <package name="src.stories" line-rate="0" branch-rate="0">
      <classes>
        <class name="Button.stories.ts" filename="src/stories/Button.stories.ts" line-rate="0" branch-rate="0">
          <methods>
            <method name="(empty-report)" hits="0" signature="()V">
              <lines>
                <line number="1" hits="0"/>
              </lines>
            </method>
          </methods>
          <lines>
            <line number="1" hits="0" branch="true" condition-coverage="0% (0/1)"/>
            <line number="2" hits="0" branch="false"/>
            <line number="3" hits="0" branch="false"/>
            <line number="4" hits="0" branch="false"/>
            <line number="5" hits="0" branch="false"/>
            <line number="6" hits="0" branch="false"/>
            <line number="7" hits="0" branch="false"/>
            <line number="8" hits="0" branch="false"/>
            <line number="9" hits="0" branch="false"/>
            <line number="10" hits="0" branch="false"/>
            <line number="11" hits="0" branch="false"/>
            <line number="12" hits="0" branch="false"/>
            <line number="13" hits="0" branch="false"/>
            <line number="14" hits="0" branch="false"/>
            <line number="15" hits="0" branch="false"/>
            <line number="16" hits="0" branch="false"/>
            <line number="17" hits="0" branch="false"/>
            <line number="18" hits="0" branch="false"/>
            <line number="19" hits="0" branch="false"/>
            <line number="20" hits="0" branch="false"/>
            <line number="21" hits="0" branch="false"/>
            <line number="22" hits="0" branch="false"/>
            <line number="23" hits="0" branch="false"/>
            <line number="24" hits="0" branch="false"/>
            <line number="25" hits="0" branch="false"/>
            <line number="26" hits="0" branch="false"/>
            <line number="27" hits="0" branch="false"/>
            <line number="28" hits="0" branch="false"/>
            <line number="29" hits="0" branch="false"/>
            <line number="30" hits="0" branch="false"/>
            <line number="31" hits="0" branch="false"/>
            <line number="32" hits="0" branch="false"/>
            <line number="33" hits="0" branch="false"/>
            <line number="34" hits="0" branch="false"/>
            <line number="35" hits="0" branch="false"/>
            <line number="36" hits="0" branch="false"/>
            <line number="37" hits="0" branch="false"/>
            <line number="38" hits="0" branch="false"/>
            <line number="39" hits="0" branch="false"/>
            <line number="40" hits="0" branch="false"/>
            <line number="41" hits="0" branch="false"/>
            <line number="42" hits="0" branch="false"/>
            <line number="43" hits="0" branch="false"/>
            <line number="44" hits="0" branch="false"/>
            <line number="45" hits="0" branch="false"/>
            <line number="46" hits="0" branch="false"/>
            <line number="47" hits="0" branch="false"/>
            <line number="48" hits="0" branch="false"/>
            <line number="49" hits="0" branch="false"/>
            <line number="50" hits="0" branch="false"/>
            <line number="51" hits="0" branch="false"/>
            <line number="52" hits="0" branch="false"/>
          </lines>
        </class>
        <class name="Button.tsx" filename="src/stories/Button.tsx" line-rate="0" branch-rate="0">
          <methods>
            <method name="(empty-report)" hits="0" signature="()V">
              <lines>
                <line number="1" hits="0"/>
              </lines>
            </method>
          </methods>
          <lines>
            <line number="1" hits="0" branch="true" condition-coverage="0% (0/1)"/>
            <line number="2" hits="0" branch="false"/>
            <line number="3" hits="0" branch="false"/>
            <line number="4" hits="0" branch="false"/>
            <line number="5" hits="0" branch="false"/>
            <line number="6" hits="0" branch="false"/>
            <line number="7" hits="0" branch="false"/>
            <line number="8" hits="0" branch="false"/>
            <line number="9" hits="0" branch="false"/>
            <line number="10" hits="0" branch="false"/>
            <line number="11" hits="0" branch="false"/>
            <line number="12" hits="0" branch="false"/>
            <line number="13" hits="0" branch="false"/>
            <line number="14" hits="0" branch="false"/>
            <line number="15" hits="0" branch="false"/>
            <line number="16" hits="0" branch="false"/>
            <line number="17" hits="0" branch="false"/>
            <line number="18" hits="0" branch="false"/>
            <line number="19" hits="0" branch="false"/>
            <line number="20" hits="0" branch="false"/>
            <line number="21" hits="0" branch="false"/>
            <line number="22" hits="0" branch="false"/>
            <line number="23" hits="0" branch="false"/>
            <line number="24" hits="0" branch="false"/>
            <line number="25" hits="0" branch="false"/>
            <line number="26" hits="0" branch="false"/>
            <line number="27" hits="0" branch="false"/>
            <line number="28" hits="0" branch="false"/>
            <line number="29" hits="0" branch="false"/>
            <line number="30" hits="0" branch="false"/>
            <line number="31" hits="0" branch="false"/>
            <line number="32" hits="0" branch="false"/>
            <line number="33" hits="0" branch="false"/>
            <line number="34" hits="0" branch="false"/>
            <line number="35" hits="0" branch="false"/>
            <line number="36" hits="0" branch="false"/>
            <line number="37" hits="0" branch="false"/>
            <line number="38" hits="0" branch="false"/>
            <line number="39" hits="0" branch="false"/>
            <line number="40" hits="0" branch="false"/>
            <line number="41" hits="0" branch="false"/>
            <line number="42" hits="0" branch="false"/>
            <line number="43" hits="0" branch="false"/>
            <line number="44" hits="0" branch="false"/>
            <line number="45" hits="0" branch="false"/>
            <line number="46" hits="0" branch="false"/>
            <line number="47" hits="0" branch="false"/>
            <line number="48" hits="0" branch="false"/>
          </lines>
        </class>
        <class name="Header.stories.ts" filename="src/stories/Header.stories.ts" line-rate="0" branch-rate="0">
          <methods>
            <method name="(empty-report)" hits="0" signature="()V">
              <lines>
                <line number="1" hits="0"/>
              </lines>
            </method>
          </methods>
          <lines>
            <line number="1" hits="0" branch="true" condition-coverage="0% (0/1)"/>
            <line number="2" hits="0" branch="false"/>
            <line number="3" hits="0" branch="false"/>
            <line number="4" hits="0" branch="false"/>
            <line number="5" hits="0" branch="false"/>
            <line number="6" hits="0" branch="false"/>
            <line number="7" hits="0" branch="false"/>
            <line number="8" hits="0" branch="false"/>
            <line number="9" hits="0" branch="false"/>
            <line number="10" hits="0" branch="false"/>
            <line number="11" hits="0" branch="false"/>
            <line number="12" hits="0" branch="false"/>
            <line number="13" hits="0" branch="false"/>
            <line number="14" hits="0" branch="false"/>
            <line number="15" hits="0" branch="false"/>
            <line number="16" hits="0" branch="false"/>
            <line number="17" hits="0" branch="false"/>
            <line number="18" hits="0" branch="false"/>
            <line number="19" hits="0" branch="false"/>
            <line number="20" hits="0" branch="false"/>
            <line number="21" hits="0" branch="false"/>
            <line number="22" hits="0" branch="false"/>
            <line number="23" hits="0" branch="false"/>
            <line number="24" hits="0" branch="false"/>
            <line number="25" hits="0" branch="false"/>
            <line number="26" hits="0" branch="false"/>
            <line number="27" hits="0" branch="false"/>
            <line number="28" hits="0" branch="false"/>
            <line number="29" hits="0" branch="false"/>
            <line number="30" hits="0" branch="false"/>
            <line number="31" hits="0" branch="false"/>
            <line number="32" hits="0" branch="false"/>
            <line number="33" hits="0" branch="false"/>
          </lines>
        </class>
        <class name="Header.tsx" filename="src/stories/Header.tsx" line-rate="0" branch-rate="0">
          <methods>
            <method name="(empty-report)" hits="0" signature="()V">
              <lines>
                <line number="1" hits="0"/>
              </lines>
            </method>
          </methods>
          <lines>
            <line number="1" hits="0" branch="true" condition-coverage="0% (0/1)"/>
            <line number="2" hits="0" branch="false"/>
            <line number="3" hits="0" branch="false"/>
            <line number="4" hits="0" branch="false"/>
            <line number="5" hits="0" branch="false"/>
            <line number="6" hits="0" branch="false"/>
            <line number="7" hits="0" branch="false"/>
            <line number="8" hits="0" branch="false"/>
            <line number="9" hits="0" branch="false"/>
            <line number="10" hits="0" branch="false"/>
            <line number="11" hits="0" branch="false"/>
            <line number="12" hits="0" branch="false"/>
            <line number="13" hits="0" branch="false"/>
            <line number="14" hits="0" branch="false"/>
            <line number="15" hits="0" branch="false"/>
            <line number="16" hits="0" branch="false"/>
            <line number="17" hits="0" branch="false"/>
            <line number="18" hits="0" branch="false"/>
            <line number="19" hits="0" branch="false"/>
            <line number="20" hits="0" branch="false"/>
            <line number="21" hits="0" branch="false"/>
            <line number="22" hits="0" branch="false"/>
            <line number="23" hits="0" branch="false"/>
            <line number="24" hits="0" branch="false"/>
            <line number="25" hits="0" branch="false"/>
            <line number="26" hits="0" branch="false"/>
            <line number="27" hits="0" branch="false"/>
            <line number="28" hits="0" branch="false"/>
            <line number="29" hits="0" branch="false"/>
            <line number="30" hits="0" branch="false"/>
            <line number="31" hits="0" branch="false"/>
            <line number="32" hits="0" branch="false"/>
            <line number="33" hits="0" branch="false"/>
            <line number="34" hits="0" branch="false"/>
            <line number="35" hits="0" branch="false"/>
            <line number="36" hits="0" branch="false"/>
            <line number="37" hits="0" branch="false"/>
            <line number="38" hits="0" branch="false"/>
            <line number="39" hits="0" branch="false"/>
            <line number="40" hits="0" branch="false"/>
            <line number="41" hits="0" branch="false"/>
            <line number="42" hits="0" branch="false"/>
            <line number="43" hits="0" branch="false"/>
            <line number="44" hits="0" branch="false"/>
            <line number="45" hits="0" branch="false"/>
            <line number="46" hits="0" branch="false"/>
            <line number="47" hits="0" branch="false"/>
            <line number="48" hits="0" branch="false"/>
            <line number="49" hits="0" branch="false"/>
            <line number="50" hits="0" branch="false"/>
            <line number="51" hits="0" branch="false"/>
            <line number="52" hits="0" branch="false"/>
            <line number="53" hits="0" branch="false"/>
            <line number="54" hits="0" branch="false"/>
            <line number="55" hits="0" branch="false"/>
            <line number="56" hits="0" branch="false"/>
          </lines>
        </class>
        <class name="Page.stories.ts" filename="src/stories/Page.stories.ts" line-rate="0" branch-rate="0">
          <methods>
            <method name="(empty-report)" hits="0" signature="()V">
              <lines>
                <line number="1" hits="0"/>
              </lines>
            </method>
          </methods>
          <lines>
            <line number="1" hits="0" branch="true" condition-coverage="0% (0/1)"/>
            <line number="2" hits="0" branch="false"/>
            <line number="3" hits="0" branch="false"/>
            <line number="4" hits="0" branch="false"/>
            <line number="5" hits="0" branch="false"/>
            <line number="6" hits="0" branch="false"/>
            <line number="7" hits="0" branch="false"/>
            <line number="8" hits="0" branch="false"/>
            <line number="9" hits="0" branch="false"/>
            <line number="10" hits="0" branch="false"/>
            <line number="11" hits="0" branch="false"/>
            <line number="12" hits="0" branch="false"/>
            <line number="13" hits="0" branch="false"/>
            <line number="14" hits="0" branch="false"/>
            <line number="15" hits="0" branch="false"/>
            <line number="16" hits="0" branch="false"/>
            <line number="17" hits="0" branch="false"/>
            <line number="18" hits="0" branch="false"/>
            <line number="19" hits="0" branch="false"/>
            <line number="20" hits="0" branch="false"/>
            <line number="21" hits="0" branch="false"/>
            <line number="22" hits="0" branch="false"/>
            <line number="23" hits="0" branch="false"/>
            <line number="24" hits="0" branch="false"/>
            <line number="25" hits="0" branch="false"/>
            <line number="26" hits="0" branch="false"/>
            <line number="27" hits="0" branch="false"/>
            <line number="28" hits="0" branch="false"/>
            <line number="29" hits="0" branch="false"/>
            <line number="30" hits="0" branch="false"/>
            <line number="31" hits="0" branch="false"/>
            <line number="32" hits="0" branch="false"/>
          </lines>
        </class>
        <class name="Page.tsx" filename="src/stories/Page.tsx" line-rate="0" branch-rate="0">
          <methods>
            <method name="(empty-report)" hits="0" signature="()V">
              <lines>
                <line number="1" hits="0"/>
              </lines>
            </method>
          </methods>
          <lines>
            <line number="1" hits="0" branch="true" condition-coverage="0% (0/1)"/>
            <line number="2" hits="0" branch="false"/>
            <line number="3" hits="0" branch="false"/>
            <line number="4" hits="0" branch="false"/>
            <line number="5" hits="0" branch="false"/>
            <line number="6" hits="0" branch="false"/>
            <line number="7" hits="0" branch="false"/>
            <line number="8" hits="0" branch="false"/>
            <line number="9" hits="0" branch="false"/>
            <line number="10" hits="0" branch="false"/>
            <line number="11" hits="0" branch="false"/>
            <line number="12" hits="0" branch="false"/>
            <line number="13" hits="0" branch="false"/>
            <line number="14" hits="0" branch="false"/>
            <line number="15" hits="0" branch="false"/>
            <line number="16" hits="0" branch="false"/>
            <line number="17" hits="0" branch="false"/>
            <line number="18" hits="0" branch="false"/>
            <line number="19" hits="0" branch="false"/>
            <line number="20" hits="0" branch="false"/>
            <line number="21" hits="0" branch="false"/>
            <line number="22" hits="0" branch="false"/>
            <line number="23" hits="0" branch="false"/>
            <line number="24" hits="0" branch="false"/>
            <line number="25" hits="0" branch="false"/>
            <line number="26" hits="0" branch="false"/>
            <line number="27" hits="0" branch="false"/>
            <line number="28" hits="0" branch="false"/>
            <line number="29" hits="0" branch="false"/>
            <line number="30" hits="0" branch="false"/>
            <line number="31" hits="0" branch="false"/>
            <line number="32" hits="0" branch="false"/>
            <line number="33" hits="0" branch="false"/>
            <line number="34" hits="0" branch="false"/>
            <line number="35" hits="0" branch="false"/>
            <line number="36" hits="0" branch="false"/>
            <line number="37" hits="0" branch="false"/>
            <line number="38" hits="0" branch="false"/>
            <line number="39" hits="0" branch="false"/>
            <line number="40" hits="0" branch="false"/>
            <line number="41" hits="0" branch="false"/>
            <line number="42" hits="0" branch="false"/>
            <line number="43" hits="0" branch="false"/>
            <line number="44" hits="0" branch="false"/>
            <line number="45" hits="0" branch="false"/>
            <line number="46" hits="0" branch="false"/>
            <line number="47" hits="0" branch="false"/>
            <line number="48" hits="0" branch="false"/>
            <line number="49" hits="0" branch="false"/>
            <line number="50" hits="0" branch="false"/>
            <line number="51" hits="0" branch="false"/>
            <line number="52" hits="0" branch="false"/>
            <line number="53" hits="0" branch="false"/>
            <line number="54" hits="0" branch="false"/>
            <line number="55" hits="0" branch="false"/>
            <line number="56" hits="0" branch="false"/>
            <line number="57" hits="0" branch="false"/>
            <line number="58" hits="0" branch="false"/>
            <line number="59" hits="0" branch="false"/>
            <line number="60" hits="0" branch="false"/>
            <line number="61" hits="0" branch="false"/>
            <line number="62" hits="0" branch="false"/>
            <line number="63" hits="0" branch="false"/>
            <line number="64" hits="0" branch="false"/>
            <line number="65" hits="0" branch="false"/>
            <line number="66" hits="0" branch="false"/>
            <line number="67" hits="0" branch="false"/>
            <line number="68" hits="0" branch="false"/>
            <line number="69" hits="0" branch="false"/>
            <line number="70" hits="0" branch="false"/>
            <line number="71" hits="0" branch="false"/>
            <line number="72" hits="0" branch="false"/>
            <line number="73" hits="0" branch="false"/>
          </lines>
        </class>
      </classes>
    </package>
  </packages>
</coverage>
